# JRE version: OpenJDK Runtime Environment (8.0_112-b06) (build 1.8.0_112-release-b06)
# Java VM: OpenJDK 64-Bit Server VM (25.112-b06 mixed mode windows-amd64 compressed oops)
Heap:
 PSYoungGen      total 82432K, used 36519K [0x00000000e0000000, 0x00000000e7d80000, 0x0000000100000000)
  eden space 79360K, 42% used [0x00000000e0000000,0x00000000e210dd28,0x00000000e4d80000)
  from space 3072K, 86% used [0x00000000e5000000,0x00000000e529c010,0x00000000e5300000)
  to   space 24576K, 0% used [0x00000000e6580000,0x00000000e6580000,0x00000000e7d80000)
 ParOldGen       total 87552K, used 34903K [0x00000000a0000000, 0x00000000a5580000, 0x00000000e0000000)
  object space 87552K, 39% used [0x00000000a0000000,0x00000000a2215f10,0x00000000a5580000)
 Metaspace       used 61048K, capacity 62656K, committed 62768K, reserved 1103872K
  class space    used 7736K, capacity 8130K, committed 8240K, reserved 1048576K
GC Heap History (10 events):
Event: 368.164 GC heap before
{Heap before GC invocations=31 (full 3):
 PSYoungGen      total 93696K, used 93522K [0x00000000e0000000, 0x00000000e8900000, 0x0000000100000000)
  eden space 88064K, 100% used [0x00000000e0000000,0x00000000e5600000,0x00000000e5600000)
  from space 5632K, 96% used [0x00000000e5900000,0x00000000e5e54af8,0x00000000e5e80000)
  to   space 26112K, 0% used [0x00000000e6f80000,0x00000000e6f80000,0x00000000e8900000)
 ParOldGen       total 87552K, used 47802K [0x00000000a0000000, 0x00000000a5580000, 0x00000000e0000000)
  object space 87552K, 54% used [0x00000000a0000000,0x00000000a2eaea50,0x00000000a5580000)
 Metaspace       used 57217K, capacity 58648K, committed 58800K, reserved 1099776K
  class space    used 7445K, capacity 7778K, committed 7856K, reserved 1048576K
Event: 368.190 GC heap after
Heap after GC invocations=31 (full 3):
 PSYoungGen      total 108032K, used 15192K [0x00000000e0000000, 0x00000000e8600000, 0x0000000100000000)
  eden space 84992K, 0% used [0x00000000e0000000,0x00000000e0000000,0x00000000e5300000)
  from space 23040K, 65% used [0x00000000e6f80000,0x00000000e7e56340,0x00000000e8600000)
  to   space 26112K, 0% used [0x00000000e5300000,0x00000000e5300000,0x00000000e6c80000)
 ParOldGen       total 87552K, used 47810K [0x00000000a0000000, 0x00000000a5580000, 0x00000000e0000000)
  object space 87552K, 54% used [0x00000000a0000000,0x00000000a2eb0a50,0x00000000a5580000)
 Metaspace       used 57217K, capacity 58648K, committed 58800K, reserved 1099776K
  class space    used 7445K, capacity 7778K, committed 7856K, reserved 1048576K
}
Event: 376.397 GC heap before
{Heap before GC invocations=32 (full 3):
 PSYoungGen      total 108032K, used 100184K [0x00000000e0000000, 0x00000000e8600000, 0x0000000100000000)
  eden space 84992K, 100% used [0x00000000e0000000,0x00000000e5300000,0x00000000e5300000)
  from space 23040K, 65% used [0x00000000e6f80000,0x00000000e7e56340,0x00000000e8600000)
  to   space 26112K, 0% used [0x00000000e5300000,0x00000000e5300000,0x00000000e6c80000)
 ParOldGen       total 87552K, used 47810K [0x00000000a0000000, 0x00000000a5580000, 0x00000000e0000000)
  object space 87552K, 54% used [0x00000000a0000000,0x00000000a2eb0a50,0x00000000a5580000)
 Metaspace       used 58882K, capacity 60376K, committed 60464K, reserved 1101824K
  class space    used 7551K, capacity 7906K, committed 7984K, reserved 1048576K
Event: 376.416 GC heap after
Heap after GC invocations=32 (full 3):
 PSYoungGen      total 88064K, used 6056K [0x00000000e0000000, 0x00000000e8200000, 0x0000000100000000)
  eden space 81920K, 0% used [0x00000000e0000000,0x00000000e0000000,0x00000000e5000000)
  from space 6144K, 98% used [0x00000000e5300000,0x00000000e58ea3f8,0x00000000e5900000)
  to   space 25600K, 0% used [0x00000000e6900000,0x00000000e6900000,0x00000000e8200000)
 ParOldGen       total 87552K, used 47818K [0x00000000a0000000, 0x00000000a5580000, 0x00000000e0000000)
  object space 87552K, 54% used [0x00000000a0000000,0x00000000a2eb2a50,0x00000000a5580000)
 Metaspace       used 58882K, capacity 60376K, committed 60464K, reserved 1101824K
  class space    used 7551K, capacity 7906K, committed 7984K, reserved 1048576K
}
Event: 380.615 GC heap before
{Heap before GC invocations=33 (full 3):
 PSYoungGen      total 88064K, used 48709K [0x00000000e0000000, 0x00000000e8200000, 0x0000000100000000)
  eden space 81920K, 52% used [0x00000000e0000000,0x00000000e29a7398,0x00000000e5000000)
  from space 6144K, 98% used [0x00000000e5300000,0x00000000e58ea3f8,0x00000000e5900000)
  to   space 25600K, 0% used [0x00000000e6900000,0x00000000e6900000,0x00000000e8200000)
 ParOldGen       total 87552K, used 47818K [0x00000000a0000000, 0x00000000a5580000, 0x00000000e0000000)
  object space 87552K, 54% used [0x00000000a0000000,0x00000000a2eb2a50,0x00000000a5580000)
 Metaspace       used 60483K, capacity 62000K, committed 62128K, reserved 1103872K
  class space    used 7716K, capacity 8102K, committed 8112K, reserved 1048576K
Event: 380.643 GC heap after
Heap after GC invocations=33 (full 3):
 PSYoungGen      total 105472K, used 7823K [0x00000000e0000000, 0x00000000e8000000, 0x0000000100000000)
  eden space 81920K, 0% used [0x00000000e0000000,0x00000000e0000000,0x00000000e5000000)
  from space 23552K, 33% used [0x00000000e6900000,0x00000000e70a3f60,0x00000000e8000000)
  to   space 24576K, 0% used [0x00000000e5000000,0x00000000e5000000,0x00000000e6800000)
 ParOldGen       total 87552K, used 47826K [0x00000000a0000000, 0x00000000a5580000, 0x00000000e0000000)
  object space 87552K, 54% used [0x00000000a0000000,0x00000000a2eb4a50,0x00000000a5580000)
 Metaspace       used 60483K, capacity 62000K, committed 62128K, reserved 1103872K
  class space    used 7716K, capacity 8102K, committed 8112K, reserved 1048576K
}
Event: 380.643 GC heap before
{Heap before GC invocations=34 (full 4):
 PSYoungGen      total 105472K, used 7823K [0x00000000e0000000, 0x00000000e8000000, 0x0000000100000000)
  eden space 81920K, 0% used [0x00000000e0000000,0x00000000e0000000,0x00000000e5000000)
  from space 23552K, 33% used [0x00000000e6900000,0x00000000e70a3f60,0x00000000e8000000)
  to   space 24576K, 0% used [0x00000000e5000000,0x00000000e5000000,0x00000000e6800000)
 ParOldGen       total 87552K, used 47826K [0x00000000a0000000, 0x00000000a5580000, 0x00000000e0000000)
  object space 87552K, 54% used [0x00000000a0000000,0x00000000a2eb4a50,0x00000000a5580000)
 Metaspace       used 60483K, capacity 62000K, committed 62128K, reserved 1103872K
  class space    used 7716K, capacity 8102K, committed 8112K, reserved 1048576K
Event: 381.083 GC heap after
Heap after GC invocations=34 (full 4):
 PSYoungGen      total 105472K, used 0K [0x00000000e0000000, 0x00000000e8000000, 0x0000000100000000)
  eden space 81920K, 0% used [0x00000000e0000000,0x00000000e0000000,0x00000000e5000000)
  from space 23552K, 0% used [0x00000000e6900000,0x00000000e6900000,0x00000000e8000000)
  to   space 24576K, 0% used [0x00000000e5000000,0x00000000e5000000,0x00000000e6800000)
 ParOldGen       total 87552K, used 34895K [0x00000000a0000000, 0x00000000a5580000, 0x00000000e0000000)
  object space 87552K, 39% used [0x00000000a0000000,0x00000000a2213f10,0x00000000a5580000)
 Metaspace       used 60483K, capacity 62000K, committed 62128K, reserved 1103872K
  class space    used 7716K, capacity 8102K, committed 8112K, reserved 1048576K
}
Event: 670.413 GC heap before
{Heap before GC invocations=35 (full 4):
 PSYoungGen      total 105472K, used 81920K [0x00000000e0000000, 0x00000000e8000000, 0x0000000100000000)
  eden space 81920K, 100% used [0x00000000e0000000,0x00000000e5000000,0x00000000e5000000)
  from space 23552K, 0% used [0x00000000e6900000,0x00000000e6900000,0x00000000e8000000)
  to   space 24576K, 0% used [0x00000000e5000000,0x00000000e5000000,0x00000000e6800000)
 ParOldGen       total 87552K, used 34895K [0x00000000a0000000, 0x00000000a5580000, 0x00000000e0000000)
  object space 87552K, 39% used [0x00000000a0000000,0x00000000a2213f10,0x00000000a5580000)
 Metaspace       used 60819K, capacity 62422K, committed 62768K, reserved 1103872K
  class space    used 7732K, capacity 8123K, committed 8240K, reserved 1048576K
Event: 670.426 GC heap after
Heap after GC invocations=35 (full 4):
 PSYoungGen      total 82432K, used 2672K [0x00000000e0000000, 0x00000000e7d80000, 0x0000000100000000)
  eden space 79360K, 0% used [0x00000000e0000000,0x00000000e0000000,0x00000000e4d80000)
  from space 3072K, 86% used [0x00000000e5000000,0x00000000e529c010,0x00000000e5300000)
  to   space 24576K, 0% used [0x00000000e6580000,0x00000000e6580000,0x00000000e7d80000)
 ParOldGen       total 87552K, used 34903K [0x00000000a0000000, 0x00000000a5580000, 0x00000000e0000000)
  object space 87552K, 39% used [0x00000000a0000000,0x00000000a2215f10,0x00000000a5580000)
 Metaspace       used 60819K, capacity 62422K, committed 62768K, reserved 1103872K
  class space    used 7732K, capacity 8123K, committed 8240K, reserved 1048576K
}

